

Microchip MPLAB XC8 Assembler V2.46 build 20240104201356 
                                                                                               Sat Mar 30 21:43:40 2024

Microchip MPLAB XC8 C Compiler v2.46 (Free license) build 20240104201356 Og1 
     1                           	processor	16F877A
     2                           	pagewidth 120
     3                           	opt	flic
     4                           	psect	cinit,global,class=CODE,merge=1,delta=2
     5                           	psect	bssCOMMON,global,class=COMMON,space=1,delta=1,noexec
     6                           	psect	cstackCOMMON,global,class=COMMON,space=1,delta=1,noexec
     7                           	psect	maintext,global,class=CODE,split=1,delta=2
     8                           	psect	text1,local,class=CODE,merge=1,delta=2
     9                           	psect	text2,local,class=CODE,merge=1,delta=2
    10                           	psect	text3,local,class=CODE,merge=1,delta=2
    11                           	psect	intentry,global,class=CODE,delta=2
    12                           	psect	config,global,abs,ovrld,class=CONFIG,space=4,delta=2,noexec
    13                           	dabs	1,0x7E,2
    14     0000                     
    15                           ; Version 2.20
    16                           ; Generated 12/02/2020 GMT
    17                           ; 
    18                           ; Copyright © 2020, Microchip Technology Inc. and its subsidiaries ("Microchip")
    19                           ; All rights reserved.
    20                           ; 
    21                           ; This software is developed by Microchip Technology Inc. and its subsidiaries ("Microch
      +                          ip").
    22                           ; 
    23                           ; Redistribution and use in source and binary forms, with or without modification, are
    24                           ; permitted provided that the following conditions are met:
    25                           ; 
    26                           ;     1. Redistributions of source code must retain the above copyright notice, this lis
      +                          t of
    27                           ;        conditions and the following disclaimer.
    28                           ; 
    29                           ;     2. Redistributions in binary form must reproduce the above copyright notice, this 
      +                          list
    30                           ;        of conditions and the following disclaimer in the documentation and/or other
    31                           ;        materials provided with the distribution.
    32                           ; 
    33                           ;     3. Microchip's name may not be used to endorse or promote products derived from th
      +                          is
    34                           ;        software without specific prior written permission.
    35                           ; 
    36                           ; THIS SOFTWARE IS PROVIDED BY MICROCHIP "AS IS" AND ANY EXPRESS OR IMPLIED WARRANTIES,
    37                           ; INCLUDING, BUT NOT LIMITED TO, THE IMPLIED WARRANTIES OF MERCHANTABILITY AND FITNESS F
      +                          OR
    38                           ; PURPOSE ARE DISCLAIMED.  IN NO EVENT SHALL MICROCHIP BE LIABLE FOR ANY DIRECT, INDIREC
      +                          T,
    39                           ; INCIDENTAL, SPECIAL, EXEMPLARY, OR CONSEQUENTIAL DAMAGES (INCLUDING BUT NOT LIMITED TO
    40                           ; PROCUREMENT OF SUBSTITUTE GOODS OR SERVICES; LOSS OF USE, DATA OR PROFITS; OR BUSINESS
    41                           ; INTERRUPTION) HOWSOEVER CAUSED AND ON ANY THEORY OF LIABILITY, WHETHER IN CONTRACT, ST
      +                          RICT
    42                           ; LIABILITY, OR TORT (INCLUDING NEGLIGENCE OR OTHERWISE) ARISING IN ANY WAY OUT OF THE U
      +                          SE OF
    43                           ; THIS SOFTWARE, EVEN IF ADVISED OF THE POSSIBILITY OF SUCH DAMAGE.
    44                           ; 
    45                           ; 
    46                           ; Code-generator required, PIC16F877A Definitions
    47                           ; 
    48                           ; SFR Addresses
    49     0000                     	;# 
    50     0001                     	;# 
    51     0002                     	;# 
    52     0003                     	;# 
    53     0004                     	;# 
    54     0005                     	;# 
    55     0006                     	;# 
    56     0007                     	;# 
    57     0008                     	;# 
    58     0009                     	;# 
    59     000A                     	;# 
    60     000B                     	;# 
    61     000C                     	;# 
    62     000D                     	;# 
    63     000E                     	;# 
    64     000E                     	;# 
    65     000F                     	;# 
    66     0010                     	;# 
    67     0011                     	;# 
    68     0012                     	;# 
    69     0013                     	;# 
    70     0014                     	;# 
    71     0015                     	;# 
    72     0015                     	;# 
    73     0016                     	;# 
    74     0017                     	;# 
    75     0018                     	;# 
    76     0019                     	;# 
    77     001A                     	;# 
    78     001B                     	;# 
    79     001B                     	;# 
    80     001C                     	;# 
    81     001D                     	;# 
    82     001E                     	;# 
    83     001F                     	;# 
    84     0081                     	;# 
    85     0085                     	;# 
    86     0086                     	;# 
    87     0087                     	;# 
    88     0088                     	;# 
    89     0089                     	;# 
    90     008C                     	;# 
    91     008D                     	;# 
    92     008E                     	;# 
    93     0091                     	;# 
    94     0092                     	;# 
    95     0093                     	;# 
    96     0094                     	;# 
    97     0098                     	;# 
    98     0099                     	;# 
    99     009C                     	;# 
   100     009D                     	;# 
   101     009E                     	;# 
   102     009F                     	;# 
   103     010C                     	;# 
   104     010D                     	;# 
   105     010E                     	;# 
   106     010F                     	;# 
   107     018C                     	;# 
   108     018D                     	;# 
   109     0000                     	;# 
   110     0001                     	;# 
   111     0002                     	;# 
   112     0003                     	;# 
   113     0004                     	;# 
   114     0005                     	;# 
   115     0006                     	;# 
   116     0007                     	;# 
   117     0008                     	;# 
   118     0009                     	;# 
   119     000A                     	;# 
   120     000B                     	;# 
   121     000C                     	;# 
   122     000D                     	;# 
   123     000E                     	;# 
   124     000E                     	;# 
   125     000F                     	;# 
   126     0010                     	;# 
   127     0011                     	;# 
   128     0012                     	;# 
   129     0013                     	;# 
   130     0014                     	;# 
   131     0015                     	;# 
   132     0015                     	;# 
   133     0016                     	;# 
   134     0017                     	;# 
   135     0018                     	;# 
   136     0019                     	;# 
   137     001A                     	;# 
   138     001B                     	;# 
   139     001B                     	;# 
   140     001C                     	;# 
   141     001D                     	;# 
   142     001E                     	;# 
   143     001F                     	;# 
   144     0081                     	;# 
   145     0085                     	;# 
   146     0086                     	;# 
   147     0087                     	;# 
   148     0088                     	;# 
   149     0089                     	;# 
   150     008C                     	;# 
   151     008D                     	;# 
   152     008E                     	;# 
   153     0091                     	;# 
   154     0092                     	;# 
   155     0093                     	;# 
   156     0094                     	;# 
   157     0098                     	;# 
   158     0099                     	;# 
   159     009C                     	;# 
   160     009D                     	;# 
   161     009E                     	;# 
   162     009F                     	;# 
   163     010C                     	;# 
   164     010D                     	;# 
   165     010E                     	;# 
   166     010F                     	;# 
   167     018C                     	;# 
   168     018D                     	;# 
   169     0000                     	;# 
   170     0001                     	;# 
   171     0002                     	;# 
   172     0003                     	;# 
   173     0004                     	;# 
   174     0005                     	;# 
   175     0006                     	;# 
   176     0007                     	;# 
   177     0008                     	;# 
   178     0009                     	;# 
   179     000A                     	;# 
   180     000B                     	;# 
   181     000C                     	;# 
   182     000D                     	;# 
   183     000E                     	;# 
   184     000E                     	;# 
   185     000F                     	;# 
   186     0010                     	;# 
   187     0011                     	;# 
   188     0012                     	;# 
   189     0013                     	;# 
   190     0014                     	;# 
   191     0015                     	;# 
   192     0015                     	;# 
   193     0016                     	;# 
   194     0017                     	;# 
   195     0018                     	;# 
   196     0019                     	;# 
   197     001A                     	;# 
   198     001B                     	;# 
   199     001B                     	;# 
   200     001C                     	;# 
   201     001D                     	;# 
   202     001E                     	;# 
   203     001F                     	;# 
   204     0081                     	;# 
   205     0085                     	;# 
   206     0086                     	;# 
   207     0087                     	;# 
   208     0088                     	;# 
   209     0089                     	;# 
   210     008C                     	;# 
   211     008D                     	;# 
   212     008E                     	;# 
   213     0091                     	;# 
   214     0092                     	;# 
   215     0093                     	;# 
   216     0094                     	;# 
   217     0098                     	;# 
   218     0099                     	;# 
   219     009C                     	;# 
   220     009D                     	;# 
   221     009E                     	;# 
   222     009F                     	;# 
   223     010C                     	;# 
   224     010D                     	;# 
   225     010E                     	;# 
   226     010F                     	;# 
   227     018C                     	;# 
   228     018D                     	;# 
   229     0000                     	;# 
   230     0001                     	;# 
   231     0002                     	;# 
   232     0003                     	;# 
   233     0004                     	;# 
   234     0005                     	;# 
   235     0006                     	;# 
   236     0007                     	;# 
   237     0008                     	;# 
   238     0009                     	;# 
   239     000A                     	;# 
   240     000B                     	;# 
   241     000C                     	;# 
   242     000D                     	;# 
   243     000E                     	;# 
   244     000E                     	;# 
   245     000F                     	;# 
   246     0010                     	;# 
   247     0011                     	;# 
   248     0012                     	;# 
   249     0013                     	;# 
   250     0014                     	;# 
   251     0015                     	;# 
   252     0015                     	;# 
   253     0016                     	;# 
   254     0017                     	;# 
   255     0018                     	;# 
   256     0019                     	;# 
   257     001A                     	;# 
   258     001B                     	;# 
   259     001B                     	;# 
   260     001C                     	;# 
   261     001D                     	;# 
   262     001E                     	;# 
   263     001F                     	;# 
   264     0081                     	;# 
   265     0085                     	;# 
   266     0086                     	;# 
   267     0087                     	;# 
   268     0088                     	;# 
   269     0089                     	;# 
   270     008C                     	;# 
   271     008D                     	;# 
   272     008E                     	;# 
   273     0091                     	;# 
   274     0092                     	;# 
   275     0093                     	;# 
   276     0094                     	;# 
   277     0098                     	;# 
   278     0099                     	;# 
   279     009C                     	;# 
   280     009D                     	;# 
   281     009E                     	;# 
   282     009F                     	;# 
   283     010C                     	;# 
   284     010D                     	;# 
   285     010E                     	;# 
   286     010F                     	;# 
   287     018C                     	;# 
   288     018D                     	;# 
   289     0008                     _PORTD	set	8
   290     0092                     _TMR2ON	set	146
   291     005F                     _GIE	set	95
   292     005E                     _PEIE	set	94
   293     0040                     _RD0	set	64
   294     0061                     _TMR2IF	set	97
   295     0092                     _PR2	set	146
   296     0088                     _TRISD	set	136
   297     0461                     _TMR2IE	set	1121
   298                           
   299                           	psect	cinit
   300     000F                     start_initialization:	
   301                           ; #config settings
   302                           
   303     000F                     __initialization:
   304                           
   305                           ; Clear objects allocated to COMMON
   306     000F  01F0               	clrf	__pbssCOMMON& (0+127)
   307     0010  01F1               	clrf	(__pbssCOMMON+1)& (0+127)
   308     0011                     end_of_initialization:	
   309                           ;End of C runtime variable initialization code
   310                           
   311     0011                     __end_of__initialization:
   312     0011  0183               	clrf	3
   313     0012  120A  118A  2844   	ljmp	_main	;jump to C main() function
   314                           
   315                           	psect	bssCOMMON
   316     0070                     __pbssCOMMON:
   317     0070                     isr@count:
   318     0070                     	ds	2
   319                           
   320                           	psect	cstackCOMMON
   321     0072                     __pcstackCOMMON:
   322     0072                     ?_init_timer2:
   323     0072                     ?_isr:	
   324                           ; 1 bytes @ 0x0
   325                           
   326     0072                     ??_isr:	
   327                           ; 1 bytes @ 0x0
   328                           
   329     0072                     ?_init_config:	
   330                           ; 1 bytes @ 0x0
   331                           
   332     0072                     ?_main:	
   333                           ; 1 bytes @ 0x0
   334                           
   335                           
   336                           ; 1 bytes @ 0x0
   337     0072                     	ds	2
   338     0074                     ??_init_timer2:
   339     0074                     ??_init_config:	
   340                           ; 1 bytes @ 0x2
   341                           
   342     0074                     ??_main:	
   343                           ; 1 bytes @ 0x2
   344                           
   345                           
   346                           	psect	maintext
   347     0044                     __pmaintext:	
   348                           ; 1 bytes @ 0x2
   349 ;;
   350 ;;Main: autosize = 0, tempsize = 0, incstack = 0, save=0
   351 ;;
   352 ;; *************** function _main *****************
   353 ;; Defined at:
   354 ;;		line 24 in file "main.c"
   355 ;; Parameters:    Size  Location     Type
   356 ;;		None
   357 ;; Auto vars:     Size  Location     Type
   358 ;;		None
   359 ;; Return value:  Size  Location     Type
   360 ;;                  1    wreg      void 
   361 ;; Registers used:
   362 ;;		wreg, status,2, status,0, pclath, cstack
   363 ;; Tracked objects:
   364 ;;		On entry : B00/0
   365 ;;		On exit  : 0/0
   366 ;;		Unchanged: 0/0
   367 ;; Data sizes:     COMMON   BANK0   BANK1   BANK3   BANK2
   368 ;;      Params:         0       0       0       0       0
   369 ;;      Locals:         0       0       0       0       0
   370 ;;      Temps:          0       0       0       0       0
   371 ;;      Totals:         0       0       0       0       0
   372 ;;Total ram usage:        0 bytes
   373 ;; Hardware stack levels required when called: 3
   374 ;; This function calls:
   375 ;;		_init_config
   376 ;; This function is called by:
   377 ;;		Startup code after reset
   378 ;; This function uses a non-reentrant model
   379 ;;
   380                           
   381     0044                     _main:	
   382                           ;psect for function _main
   383                           
   384     0044                     l611:	
   385                           ;incstack = 0
   386                           ; Regs used in _main: [wreg+status,2+status,0+pclath+cstack]
   387                           
   388     0044  120A  118A  2036  120A  118A  	fcall	_init_config
   389     0049                     l31:
   390     0049                     l32:
   391     0049  2849               	goto	l31
   392     004A  120A  118A  280C   	ljmp	start
   393     004D                     __end_of_main:
   394                           
   395                           	psect	text1
   396     0036                     __ptext1:	
   397 ;; *************** function _init_config *****************
   398 ;; Defined at:
   399 ;;		line 11 in file "main.c"
   400 ;; Parameters:    Size  Location     Type
   401 ;;		None
   402 ;; Auto vars:     Size  Location     Type
   403 ;;		None
   404 ;; Return value:  Size  Location     Type
   405 ;;                  1    wreg      void 
   406 ;; Registers used:
   407 ;;		wreg, status,2, status,0, pclath, cstack
   408 ;; Tracked objects:
   409 ;;		On entry : 0/0
   410 ;;		On exit  : 0/0
   411 ;;		Unchanged: 0/0
   412 ;; Data sizes:     COMMON   BANK0   BANK1   BANK3   BANK2
   413 ;;      Params:         0       0       0       0       0
   414 ;;      Locals:         0       0       0       0       0
   415 ;;      Temps:          0       0       0       0       0
   416 ;;      Totals:         0       0       0       0       0
   417 ;;Total ram usage:        0 bytes
   418 ;; Hardware stack levels used: 1
   419 ;; Hardware stack levels required when called: 2
   420 ;; This function calls:
   421 ;;		_init_timer2
   422 ;; This function is called by:
   423 ;;		_main
   424 ;; This function uses a non-reentrant model
   425 ;;
   426                           
   427     0036                     _init_config:	
   428                           ;psect for function _init_config
   429                           
   430     0036                     l593:	
   431                           ;incstack = 0
   432                           ; Regs used in _init_config: [wreg+status,2+status,0+pclath+cstack]
   433                           
   434                           
   435                           ;main.c: 12: 
   436     0036  1283               	bcf	3,5	;RP0=0, select bank0
   437     0037  1303               	bcf	3,6	;RP1=0, select bank0
   438     0038  0188               	clrf	8	;volatile
   439                           
   440                           ;main.c: 13: void main(void) {
   441     0039  1683               	bsf	3,5	;RP0=1, select bank1
   442     003A  1303               	bcf	3,6	;RP1=0, select bank1
   443     003B  0188               	clrf	8	;volatile
   444     003C                     l595:
   445                           
   446                           ;main.c: 15: 
   447     003C  120A  118A  204D  120A  118A  	fcall	_init_timer2
   448     0041                     l597:
   449                           
   450                           ;main.c: 18:     }
   451     0041  170B               	bsf	11,6	;volatile
   452     0042                     l599:
   453     0042  178B               	bsf	11,7	;volatile
   454     0043                     l26:
   455     0043  0008               	return
   456     0044                     __end_of_init_config:
   457                           
   458                           	psect	text2
   459     004D                     __ptext2:	
   460 ;; *************** function _init_timer2 *****************
   461 ;; Defined at:
   462 ;;		line 4 in file "timers.c"
   463 ;; Parameters:    Size  Location     Type
   464 ;;		None
   465 ;; Auto vars:     Size  Location     Type
   466 ;;		None
   467 ;; Return value:  Size  Location     Type
   468 ;;                  1    wreg      void 
   469 ;; Registers used:
   470 ;;		wreg
   471 ;; Tracked objects:
   472 ;;		On entry : 0/0
   473 ;;		On exit  : 0/0
   474 ;;		Unchanged: 0/0
   475 ;; Data sizes:     COMMON   BANK0   BANK1   BANK3   BANK2
   476 ;;      Params:         0       0       0       0       0
   477 ;;      Locals:         0       0       0       0       0
   478 ;;      Temps:          0       0       0       0       0
   479 ;;      Totals:         0       0       0       0       0
   480 ;;Total ram usage:        0 bytes
   481 ;; Hardware stack levels used: 1
   482 ;; Hardware stack levels required when called: 1
   483 ;; This function calls:
   484 ;;		Nothing
   485 ;; This function is called by:
   486 ;;		_init_config
   487 ;; This function uses a non-reentrant model
   488 ;;
   489                           
   490     004D                     _init_timer2:	
   491                           ;psect for function _init_timer2
   492                           
   493     004D                     l587:	
   494                           ;incstack = 0
   495                           ; Regs used in _init_timer2: [wreg]
   496                           
   497                           
   498                           ;timers.c: 9:     PR2 = 250;
   499     004D  30FA               	movlw	250
   500     004E  1683               	bsf	3,5	;RP0=1, select bank1
   501     004F  1303               	bcf	3,6	;RP1=0, select bank1
   502     0050  0092               	movwf	18	;volatile
   503     0051                     l589:
   504                           
   505                           ;timers.c: 12:     TMR2IE = 1;
   506     0051  148C               	bsf	12,1	;volatile
   507     0052                     l591:
   508                           
   509                           ;timers.c: 15:     TMR2ON = 1;
   510     0052  1283               	bcf	3,5	;RP0=0, select bank0
   511     0053  1303               	bcf	3,6	;RP1=0, select bank0
   512     0054  1512               	bsf	18,2	;volatile
   513     0055                     l43:
   514     0055  0008               	return
   515     0056                     __end_of_init_timer2:
   516                           
   517                           	psect	text3
   518     0015                     __ptext3:	
   519 ;; *************** function _isr *****************
   520 ;; Defined at:
   521 ;;		line 4 in file "isr.c"
   522 ;; Parameters:    Size  Location     Type
   523 ;;		None
   524 ;; Auto vars:     Size  Location     Type
   525 ;;		None
   526 ;; Return value:  Size  Location     Type
   527 ;;                  1    wreg      void 
   528 ;; Registers used:
   529 ;;		wreg, status,2, status,0
   530 ;; Tracked objects:
   531 ;;		On entry : 0/0
   532 ;;		On exit  : 0/0
   533 ;;		Unchanged: 0/0
   534 ;; Data sizes:     COMMON   BANK0   BANK1   BANK3   BANK2
   535 ;;      Params:         0       0       0       0       0
   536 ;;      Locals:         0       0       0       0       0
   537 ;;      Temps:          2       0       0       0       0
   538 ;;      Totals:         2       0       0       0       0
   539 ;;Total ram usage:        2 bytes
   540 ;; Hardware stack levels used: 1
   541 ;; This function calls:
   542 ;;		Nothing
   543 ;; This function is called by:
   544 ;;		Interrupt level 1
   545 ;; This function uses a non-reentrant model
   546 ;;
   547                           
   548     0015                     _isr:	
   549                           ;psect for function _isr
   550                           
   551     0015                     i1l601:
   552                           
   553                           ;isr.c: 6:     static unsigned int count = 0;;isr.c: 8:     if (TMR2IF == 1)
   554     0015  1283               	bcf	3,5	;RP0=0, select bank0
   555     0016  1303               	bcf	3,6	;RP1=0, select bank0
   556     0017  1C8C               	btfss	12,1	;volatile
   557     0018  281A               	goto	u1_21
   558     0019  281B               	goto	u1_20
   559     001A                     u1_21:
   560     001A  282F               	goto	i1l13
   561     001B                     u1_20:
   562     001B                     i1l603:
   563                           
   564                           ;isr.c: 9:     {;isr.c: 10:         if (++count == 20000)
   565     001B  3001               	movlw	1
   566     001C  07F0               	addwf	isr@count,f
   567     001D  1803               	skipnc
   568     001E  0AF1               	incf	isr@count+1,f
   569     001F  3000               	movlw	0
   570     0020  07F1               	addwf	isr@count+1,f
   571     0021  3020               	movlw	32
   572     0022  0670               	xorwf	isr@count,w
   573     0023  304E               	movlw	78
   574     0024  1903               	skipnz
   575     0025  0671               	xorwf	isr@count+1,w
   576     0026  1D03               	btfss	3,2
   577     0027  2829               	goto	u2_21
   578     0028  282A               	goto	u2_20
   579     0029                     u2_21:
   580     0029  282E               	goto	i1l609
   581     002A                     u2_20:
   582     002A                     i1l605:
   583                           
   584                           ;isr.c: 11:         {;isr.c: 12:             count = 0;
   585     002A  01F0               	clrf	isr@count
   586     002B  01F1               	clrf	isr@count+1
   587     002C                     i1l607:
   588                           
   589                           ;isr.c: 14:             RD0 = !RD0;
   590     002C  3001               	movlw	1
   591     002D  0688               	xorwf	8,f
   592     002E                     i1l609:
   593                           
   594                           ;isr.c: 17:         TMR2IF = 0;
   595     002E  108C               	bcf	12,1	;volatile
   596     002F                     i1l13:
   597     002F  0873               	movf	??_isr+1,w
   598     0030  008A               	movwf	10
   599     0031  0E72               	swapf	??_isr,w
   600     0032  0083               	movwf	3
   601     0033  0EFE               	swapf	btemp,f
   602     0034  0E7E               	swapf	btemp,w
   603     0035  0009               	retfie
   604     0036                     __end_of_isr:
   605     007E                     btemp	set	126	;btemp
   606     007E                     wtemp0	set	126
   607                           
   608                           	psect	intentry
   609     0004                     __pintentry:	
   610                           ;incstack = 0
   611                           ; Regs used in _isr: [wreg+status,2+status,0]
   612                           
   613     0004                     interrupt_function:
   614     007E                     saved_w	set	btemp
   615     0004  00FE               	movwf	btemp
   616     0005  0E03               	swapf	3,w
   617     0006  00F2               	movwf	??_isr
   618     0007  080A               	movf	10,w
   619     0008  00F3               	movwf	??_isr+1
   620     0009  120A  118A  2815   	ljmp	_isr
   621                           
   622                           	psect	config
   623                           
   624                           ;Config register CONFIG @ 0x2007
   625                           ;	Oscillator Selection bits
   626                           ;	FOSC = 0x3, unprogrammed default
   627                           ;	Watchdog Timer Enable bit
   628                           ;	WDTE = OFF, WDT disabled
   629                           ;	Power-up Timer Enable bit
   630                           ;	PWRTE = 0x1, unprogrammed default
   631                           ;	Brown-out Reset Enable bit
   632                           ;	BOREN = 0x1, unprogrammed default
   633                           ;	Low-Voltage (Single-Supply) In-Circuit Serial Programming Enable bit
   634                           ;	LVP = 0x1, unprogrammed default
   635                           ;	Data EEPROM Memory Code Protection bit
   636                           ;	CPD = 0x1, unprogrammed default
   637                           ;	Flash Program Memory Write Enable bits
   638                           ;	WRT = 0x3, unprogrammed default
   639                           ;	In-Circuit Debugger Mode bit
   640                           ;	DEBUG = 0x1, unprogrammed default
   641                           ;	Flash Program Memory Code Protection bit
   642                           ;	CP = 0x1, unprogrammed default
   643     2007                     	org	8199
   644     2007  3FFB               	dw	16379

Data Sizes:
    Strings     0
    Constant    0
    Data        0
    BSS         2
    Persistent  0
    Stack       0

Auto Spaces:
    Space          Size  Autos    Used
    COMMON           14      2       4
    BANK0            80      0       0
    BANK1            80      0       0
    BANK3            96      0       0
    BANK2            96      0       0

Pointer List with Targets:

    None.

Critical Paths under _main in COMMON

    None.

Critical Paths under _isr in COMMON

    None.

Critical Paths under _main in BANK0

    None.

Critical Paths under _isr in BANK0

    None.

Critical Paths under _main in BANK1

    None.

Critical Paths under _isr in BANK1

    None.

Critical Paths under _main in BANK3

    None.

Critical Paths under _isr in BANK3

    None.

Critical Paths under _main in BANK2

    None.

Critical Paths under _isr in BANK2

    None.

Call Graph Tables:

 ---------------------------------------------------------------------------------
 (Depth) Function   	        Calls       Base Space   Used Autos Params    Refs
 ---------------------------------------------------------------------------------
 (0) _main                                                 0     0      0       0
                        _init_config
 ---------------------------------------------------------------------------------
 (1) _init_config                                          0     0      0       0
                        _init_timer2
 ---------------------------------------------------------------------------------
 (2) _init_timer2                                          0     0      0       0
 ---------------------------------------------------------------------------------
 Estimated maximum stack depth 2
 ---------------------------------------------------------------------------------
 (Depth) Function   	        Calls       Base Space   Used Autos Params    Refs
 ---------------------------------------------------------------------------------
 (3) _isr                                                  2     2      0       0
                                              0 COMMON     2     2      0
 ---------------------------------------------------------------------------------
 Estimated maximum stack depth 3
 ---------------------------------------------------------------------------------

 Call Graph Graphs:

 _main (ROOT)
   _init_config
     _init_timer2

 _isr (ROOT)

 Address spaces:
Name               Size   Autos  Total    Cost      Usage
BITCOMMON            E      0       0       0        0.0%
EEDATA             100      0       0       0        0.0%
NULL                 0      0       0       0        0.0%
CODE                 0      0       0       0        0.0%
COMMON               E      2       4       1       28.6%
BITSFR0              0      0       0       1        0.0%
SFR0                 0      0       0       1        0.0%
BITSFR1              0      0       0       2        0.0%
SFR1                 0      0       0       2        0.0%
STACK                0      0       0       2        0.0%
ABS                  0      0       4       3        0.0%
BITBANK0            50      0       0       4        0.0%
BITSFR3              0      0       0       4        0.0%
SFR3                 0      0       0       4        0.0%
BANK0               50      0       0       5        0.0%
BITSFR2              0      0       0       5        0.0%
SFR2                 0      0       0       5        0.0%
BITBANK1            50      0       0       6        0.0%
BANK1               50      0       0       7        0.0%
BITBANK3            60      0       0       8        0.0%
BANK3               60      0       0       9        0.0%
BITBANK2            60      0       0      10        0.0%
BANK2               60      0       0      11        0.0%
DATA                 0      0       4      12        0.0%


Microchip Technology PIC Macro Assembler V2.46 build 20240104201356 
Symbol Table                                                                                   Sat Mar 30 21:43:40 2024

                     l31 0049                       l32 0049                       l26 0043  
                     l43 0055                      l611 0044                      l591 0052  
                    l593 0036                      l587 004D                      l595 003C  
                    l589 0051                      l597 0041                      l599 0042  
                    _GIE 005F                      _RD0 0040                      _PR2 0092  
                    _isr 0015                     ?_isr 0072                     _PEIE 005E  
                   i1l13 002F                     u1_20 001B                     u1_21 001A  
                   u2_20 002A                     u2_21 0029                     _main 0044  
                   btemp 007E                     start 000C                    ??_isr 0072  
                  ?_main 0072                    i1l601 0015                    i1l603 001B  
                  i1l605 002A                    i1l607 002C                    i1l609 002E  
           ?_init_config 0072                    _PORTD 0008                    _TRISD 0088  
           ?_init_timer2 0072                    pclath 000A                    status 0003  
                  wtemp0 007E          __initialization 000F             __end_of_main 004D  
                 ??_main 0074                   _TMR2IE 0461                   _TMR2IF 0061  
                 _TMR2ON 0092                   saved_w 007E  __end_of__initialization 0011  
         __pcstackCOMMON 0072               __pmaintext 0044               __pintentry 0004  
                __ptext1 0036                  __ptext2 004D                  __ptext3 0015  
   end_of_initialization 0011      start_initialization 000F              __end_of_isr 0036  
          ??_init_config 0074            ??_init_timer2 0074              __pbssCOMMON 0070  
              ___latbits 0002      __end_of_init_config 0044      __end_of_init_timer2 0056  
      interrupt_function 0004              _init_config 0036              _init_timer2 004D  
               isr@count 0070                 intlevel1 0000  
